<?xml version="1.0" encoding="UTF-8" ?>
<testsuites name="vitest tests" tests="2" failures="0" errors="0" time="0.1">
    <testsuite name="smoke.test.ts" timestamp="2026-09-10T23:25:40.800Z" hostname="zihengchendeMacBook-Pro.local" tests="2" failures="0" errors="0" skipped="0" time="0.001">
        <testcase classname="smoke.test.ts" name="ci smoke &gt; runs on node &gt;= 18" time="0.001">
        </testcase>
        <testcase classname="smoke.test.ts" name="ci smoke &gt; utf-8 smoke value is stable" time="0">
        </testcase>
    </testsuite>
</testsuites>
